This is pdfTeX, Version 3.141592653-2.6-1.40.22 (TeX Live 2021 Gentoo Linux) (preloaded format=pdflatex 2021.9.11)  26 SEP 2021 18:33
entering extended mode
 \write18 enabled.
 %&-line parsing enabled.
**aosc.svg
(./aosc.svg
LaTeX2e <2020-10-01> patch level 4
L3 programming layer <2021-02-18>

! LaTeX Error: Missing \begin{document}.

See the LaTeX manual or LaTeX Companion for explanation.
Type  H <return>  for immediate help.
 ...                                              
                                                  
l.1 <
     ?xml version="1.0" encoding="UTF-8" standalone="no"?>
? 
! Emergency stop.
 ...                                              
                                                  
l.1 <
     ?xml version="1.0" encoding="UTF-8" standalone="no"?>
You're in trouble here.  Try typing  <return>  to proceed.
If that doesn't work, type  X <return>  to quit.

 
Here is how much of TeX's memory you used:
 18 strings out of 480828
 521 string characters out of 5905253
 278438 words of memory out of 5000000
 17366 multiletter control sequences out of 15000+600000
 403430 words of font info for 27 fonts, out of 8000000 for 9000
 81 hyphenation exceptions out of 8191
 13i,0n,15p,94b,14s stack positions out of 5000i,500n,10000p,200000b,80000s
!  ==> Fatal error occurred, no output PDF file produced!
